Nov 28 14:17:01 FOXTRAL CRON[3516]: pam_unix(cron:session): session opened for user root(uid=0) by (uid=0)
Nov 28 14:17:01 FOXTRAL CRON[3516]: pam_unix(cron:session): session closed for user root
Nov 28 15:17:01 FOXTRAL CRON[7072]: pam_unix(cron:session): session opened for user root(uid=0) by (uid=0)
Nov 28 15:17:01 FOXTRAL CRON[7072]: pam_unix(cron:session): session closed for user root
Nov 28 16:17:01 FOXTRAL CRON[10642]: pam_unix(cron:session): session opened for user root(uid=0) by (uid=0)
Nov 28 16:17:01 FOXTRAL CRON[10642]: pam_unix(cron:session): session closed for user root
Nov 28 17:17:01 FOXTRAL CRON[14208]: pam_unix(cron:session): session opened for user root(uid=0) by (uid=0)
Nov 28 17:17:01 FOXTRAL CRON[14208]: pam_unix(cron:session): session closed for user root
Nov 28 18:17:01 FOXTRAL CRON[17773]: pam_unix(cron:session): session opened for user root(uid=0) by (uid=0)
Nov 28 18:17:01 FOXTRAL CRON[17773]: pam_unix(cron:session): session closed for user root
Nov 28 19:17:01 FOXTRAL CRON[21343]: pam_unix(cron:session): session opened for user root(uid=0) by (uid=0)
Nov 28 19:17:01 FOXTRAL CRON[21343]: pam_unix(cron:session): session closed for user root
Nov 28 20:17:01 FOXTRAL CRON[24905]: pam_unix(cron:session): session opened for user root(uid=0) by (uid=0)
Nov 28 20:17:01 FOXTRAL CRON[24905]: pam_unix(cron:session): session closed for user root
Nov 28 21:17:01 FOXTRAL CRON[28464]: pam_unix(cron:session): session opened for user root(uid=0) by (uid=0)
Nov 28 21:17:01 FOXTRAL CRON[28464]: pam_unix(cron:session): session closed for user root
Nov 28 22:17:01 FOXTRAL CRON[32029]: pam_unix(cron:session): session opened for user root(uid=0) by (uid=0)
Nov 28 22:17:01 FOXTRAL CRON[32029]: pam_unix(cron:session): session closed for user root
Nov 28 23:17:01 FOXTRAL CRON[35598]: pam_unix(cron:session): session opened for user root(uid=0) by (uid=0)
Nov 28 23:17:01 FOXTRAL CRON[35598]: pam_unix(cron:session): session closed for user root
Nov 29 00:17:01 FOXTRAL CRON[39164]: pam_unix(cron:session): session opened for user root(uid=0) by (uid=0)
Nov 29 00:17:01 FOXTRAL CRON[39164]: pam_unix(cron:session): session closed for user root
Nov 29 01:17:02 FOXTRAL CRON[42731]: pam_unix(cron:session): session opened for user root(uid=0) by (uid=0)
Nov 29 01:17:02 FOXTRAL CRON[42731]: pam_unix(cron:session): session closed for user root
Nov 29 02:17:01 FOXTRAL CRON[46298]: pam_unix(cron:session): session opened for user root(uid=0) by (uid=0)
Nov 29 02:17:01 FOXTRAL CRON[46298]: pam_unix(cron:session): session closed for user root
Nov 29 03:10:01 FOXTRAL CRON[49451]: pam_unix(cron:session): session opened for user root(uid=0) by (uid=0)
Nov 29 03:10:01 FOXTRAL CRON[49451]: pam_unix(cron:session): session closed for user root
Nov 29 03:17:01 FOXTRAL CRON[49865]: pam_unix(cron:session): session opened for user root(uid=0) by (uid=0)
Nov 29 03:17:01 FOXTRAL CRON[49865]: pam_unix(cron:session): session closed for user root
Nov 29 04:17:01 FOXTRAL CRON[53436]: pam_unix(cron:session): session opened for user root(uid=0) by (uid=0)
Nov 29 04:17:01 FOXTRAL CRON[53436]: pam_unix(cron:session): session closed for user root
Nov 29 05:17:01 FOXTRAL CRON[56991]: pam_unix(cron:session): session opened for user root(uid=0) by (uid=0)
Nov 29 05:17:01 FOXTRAL CRON[56991]: pam_unix(cron:session): session closed for user root
Nov 29 06:17:01 FOXTRAL CRON[60561]: pam_unix(cron:session): session opened for user root(uid=0) by (uid=0)
Nov 29 06:17:01 FOXTRAL CRON[60561]: pam_unix(cron:session): session closed for user root
Nov 29 06:25:01 FOXTRAL CRON[61045]: pam_unix(cron:session): session opened for user root(uid=0) by (uid=0)
Nov 29 06:25:01 FOXTRAL CRON[61045]: pam_unix(cron:session): session closed for user root
Nov 29 07:17:01 FOXTRAL CRON[64145]: pam_unix(cron:session): session opened for user root(uid=0) by (uid=0)
Nov 29 07:17:01 FOXTRAL CRON[64145]: pam_unix(cron:session): session closed for user root
Nov 29 08:17:01 FOXTRAL CRON[67716]: pam_unix(cron:session): session opened for user root(uid=0) by (uid=0)
Nov 29 08:17:01 FOXTRAL CRON[67716]: pam_unix(cron:session): session closed for user root
Nov 29 09:17:01 FOXTRAL CRON[71288]: pam_unix(cron:session): session opened for user root(uid=0) by (uid=0)
Nov 29 09:17:01 FOXTRAL CRON[71288]: pam_unix(cron:session): session closed for user root
Nov 29 10:17:01 FOXTRAL CRON[74852]: pam_unix(cron:session): session opened for user root(uid=0) by (uid=0)
Nov 29 10:17:01 FOXTRAL CRON[74852]: pam_unix(cron:session): session closed for user root
Nov 29 11:17:01 FOXTRAL CRON[78418]: pam_unix(cron:session): session opened for user root(uid=0) by (uid=0)
Nov 29 11:17:01 FOXTRAL CRON[78418]: pam_unix(cron:session): session closed for user root
Nov 29 12:17:01 FOXTRAL CRON[81985]: pam_unix(cron:session): session opened for user root(uid=0) by (uid=0)
Nov 29 12:17:01 FOXTRAL CRON[81985]: pam_unix(cron:session): session closed for user root
Nov 29 13:17:01 FOXTRAL CRON[85553]: pam_unix(cron:session): session opened for user root(uid=0) by (uid=0)
Nov 29 13:17:01 FOXTRAL CRON[85553]: pam_unix(cron:session): session closed for user root
Nov 29 14:17:01 FOXTRAL CRON[89120]: pam_unix(cron:session): session opened for user root(uid=0) by (uid=0)
Nov 29 14:17:01 FOXTRAL CRON[89120]: pam_unix(cron:session): session closed for user root
Nov 29 15:17:01 FOXTRAL CRON[92691]: pam_unix(cron:session): session opened for user root(uid=0) by (uid=0)
Nov 29 15:17:01 FOXTRAL CRON[92691]: pam_unix(cron:session): session closed for user root
Nov 29 16:17:01 FOXTRAL CRON[96248]: pam_unix(cron:session): session opened for user root(uid=0) by (uid=0)
Nov 29 16:17:01 FOXTRAL CRON[96248]: pam_unix(cron:session): session closed for user root
Nov 29 17:17:01 FOXTRAL CRON[99820]: pam_unix(cron:session): session opened for user root(uid=0) by (uid=0)
Nov 29 17:17:01 FOXTRAL CRON[99820]: pam_unix(cron:session): session closed for user root
Nov 29 18:17:01 FOXTRAL CRON[103386]: pam_unix(cron:session): session opened for user root(uid=0) by (uid=0)
Nov 29 18:17:01 FOXTRAL CRON[103386]: pam_unix(cron:session): session closed for user root
Nov 29 19:17:01 FOXTRAL CRON[106957]: pam_unix(cron:session): session opened for user root(uid=0) by (uid=0)
Nov 29 19:17:01 FOXTRAL CRON[106957]: pam_unix(cron:session): session closed for user root
Nov 29 20:17:01 FOXTRAL CRON[110525]: pam_unix(cron:session): session opened for user root(uid=0) by (uid=0)
Nov 29 20:17:01 FOXTRAL CRON[110525]: pam_unix(cron:session): session closed for user root
Nov 29 21:17:01 FOXTRAL CRON[114089]: pam_unix(cron:session): session opened for user root(uid=0) by (uid=0)
Nov 29 21:17:01 FOXTRAL CRON[114089]: pam_unix(cron:session): session closed for user root
Nov 29 22:17:01 FOXTRAL CRON[117658]: pam_unix(cron:session): session opened for user root(uid=0) by (uid=0)
Nov 29 22:17:01 FOXTRAL CRON[117658]: pam_unix(cron:session): session closed for user root
Nov 29 23:17:01 FOXTRAL CRON[121224]: pam_unix(cron:session): session opened for user root(uid=0) by (uid=0)
Nov 29 23:17:01 FOXTRAL CRON[121224]: pam_unix(cron:session): session closed for user root
Nov 30 00:17:01 FOXTRAL CRON[124800]: pam_unix(cron:session): session opened for user root(uid=0) by (uid=0)
Nov 30 00:17:01 FOXTRAL CRON[124800]: pam_unix(cron:session): session closed for user root
Nov 30 01:17:01 FOXTRAL CRON[128360]: pam_unix(cron:session): session opened for user root(uid=0) by (uid=0)
Nov 30 01:17:01 FOXTRAL CRON[128360]: pam_unix(cron:session): session closed for user root
Nov 30 02:17:01 FOXTRAL CRON[131928]: pam_unix(cron:session): session opened for user root(uid=0) by (uid=0)
Nov 30 02:17:01 FOXTRAL CRON[131928]: pam_unix(cron:session): session closed for user root
Nov 30 03:10:01 FOXTRAL CRON[135086]: pam_unix(cron:session): session opened for user root(uid=0) by (uid=0)
Nov 30 03:10:01 FOXTRAL CRON[135086]: pam_unix(cron:session): session closed for user root
Nov 30 03:17:01 FOXTRAL CRON[135504]: pam_unix(cron:session): session opened for user root(uid=0) by (uid=0)
Nov 30 03:17:01 FOXTRAL CRON[135504]: pam_unix(cron:session): session closed for user root
Nov 30 04:17:01 FOXTRAL CRON[139064]: pam_unix(cron:session): session opened for user root(uid=0) by (uid=0)
Nov 30 04:17:01 FOXTRAL CRON[139064]: pam_unix(cron:session): session closed for user root
Nov 30 05:17:01 FOXTRAL CRON[142625]: pam_unix(cron:session): session opened for user root(uid=0) by (uid=0)
Nov 30 05:17:01 FOXTRAL CRON[142625]: pam_unix(cron:session): session closed for user root
Nov 30 06:17:01 FOXTRAL CRON[146186]: pam_unix(cron:session): session opened for user root(uid=0) by (uid=0)
Nov 30 06:17:01 FOXTRAL CRON[146186]: pam_unix(cron:session): session closed for user root
Nov 30 06:25:01 FOXTRAL CRON[146672]: pam_unix(cron:session): session opened for user root(uid=0) by (uid=0)
Nov 30 06:25:02 FOXTRAL CRON[146672]: pam_unix(cron:session): session closed for user root
Nov 30 07:17:01 FOXTRAL CRON[149766]: pam_unix(cron:session): session opened for user root(uid=0) by (uid=0)
Nov 30 07:17:01 FOXTRAL CRON[149766]: pam_unix(cron:session): session closed for user root
Nov 30 08:17:01 FOXTRAL CRON[153337]: pam_unix(cron:session): session opened for user root(uid=0) by (uid=0)
Nov 30 08:17:01 FOXTRAL CRON[153337]: pam_unix(cron:session): session closed for user root
Nov 30 09:17:01 FOXTRAL CRON[156902]: pam_unix(cron:session): session opened for user root(uid=0) by (uid=0)
Nov 30 09:17:01 FOXTRAL CRON[156902]: pam_unix(cron:session): session closed for user root
Nov 30 10:17:01 FOXTRAL CRON[160461]: pam_unix(cron:session): session opened for user root(uid=0) by (uid=0)
Nov 30 10:17:01 FOXTRAL CRON[160461]: pam_unix(cron:session): session closed for user root
Nov 30 11:17:01 FOXTRAL CRON[164027]: pam_unix(cron:session): session opened for user root(uid=0) by (uid=0)
Nov 30 11:17:01 FOXTRAL CRON[164027]: pam_unix(cron:session): session closed for user root
Nov 30 12:17:01 FOXTRAL CRON[167593]: pam_unix(cron:session): session opened for user root(uid=0) by (uid=0)
Nov 30 12:17:01 FOXTRAL CRON[167593]: pam_unix(cron:session): session closed for user root
Nov 30 13:17:01 FOXTRAL CRON[171165]: pam_unix(cron:session): session opened for user root(uid=0) by (uid=0)
Nov 30 13:17:01 FOXTRAL CRON[171165]: pam_unix(cron:session): session closed for user root
Nov 30 14:17:01 FOXTRAL CRON[174732]: pam_unix(cron:session): session opened for user root(uid=0) by (uid=0)
Nov 30 14:17:01 FOXTRAL CRON[174732]: pam_unix(cron:session): session closed for user root
Nov 30 15:17:01 FOXTRAL CRON[178302]: pam_unix(cron:session): session opened for user root(uid=0) by (uid=0)
Nov 30 15:17:01 FOXTRAL CRON[178302]: pam_unix(cron:session): session closed for user root
Nov 30 16:17:01 FOXTRAL CRON[181876]: pam_unix(cron:session): session opened for user root(uid=0) by (uid=0)
Nov 30 16:17:01 FOXTRAL CRON[181876]: pam_unix(cron:session): session closed for user root
Nov 30 17:17:01 FOXTRAL CRON[185441]: pam_unix(cron:session): session opened for user root(uid=0) by (uid=0)
Nov 30 17:17:01 FOXTRAL CRON[185441]: pam_unix(cron:session): session closed for user root
Nov 30 18:17:01 FOXTRAL CRON[189003]: pam_unix(cron:session): session opened for user root(uid=0) by (uid=0)
Nov 30 18:17:01 FOXTRAL CRON[189003]: pam_unix(cron:session): session closed for user root
Nov 30 19:17:01 FOXTRAL CRON[192561]: pam_unix(cron:session): session opened for user root(uid=0) by (uid=0)
Nov 30 19:17:01 FOXTRAL CRON[192561]: pam_unix(cron:session): session closed for user root
Nov 30 20:17:01 FOXTRAL CRON[196130]: pam_unix(cron:session): session opened for user root(uid=0) by (uid=0)
Nov 30 20:17:01 FOXTRAL CRON[196130]: pam_unix(cron:session): session closed for user root
Nov 30 21:17:01 FOXTRAL CRON[199699]: pam_unix(cron:session): session opened for user root(uid=0) by (uid=0)
Nov 30 21:17:01 FOXTRAL CRON[199699]: pam_unix(cron:session): session closed for user root
Nov 30 22:17:01 FOXTRAL CRON[203277]: pam_unix(cron:session): session opened for user root(uid=0) by (uid=0)
Nov 30 22:17:01 FOXTRAL CRON[203277]: pam_unix(cron:session): session closed for user root
Nov 30 23:17:01 FOXTRAL CRON[206839]: pam_unix(cron:session): session opened for user root(uid=0) by (uid=0)
Nov 30 23:17:01 FOXTRAL CRON[206839]: pam_unix(cron:session): session closed for user root
Dec  1 00:17:02 FOXTRAL CRON[210400]: pam_unix(cron:session): session opened for user root(uid=0) by (uid=0)
Dec  1 00:17:02 FOXTRAL CRON[210400]: pam_unix(cron:session): session closed for user root
Dec  1 01:17:01 FOXTRAL CRON[213967]: pam_unix(cron:session): session opened for user root(uid=0) by (uid=0)
Dec  1 01:17:01 FOXTRAL CRON[213967]: pam_unix(cron:session): session closed for user root
Dec  1 02:17:01 FOXTRAL CRON[217538]: pam_unix(cron:session): session opened for user root(uid=0) by (uid=0)
Dec  1 02:17:01 FOXTRAL CRON[217538]: pam_unix(cron:session): session closed for user root
Dec  1 03:10:01 FOXTRAL CRON[220683]: pam_unix(cron:session): session opened for user root(uid=0) by (uid=0)
Dec  1 03:10:01 FOXTRAL CRON[220683]: pam_unix(cron:session): session closed for user root
Dec  1 03:17:01 FOXTRAL CRON[221099]: pam_unix(cron:session): session opened for user root(uid=0) by (uid=0)
Dec  1 03:17:01 FOXTRAL CRON[221099]: pam_unix(cron:session): session closed for user root
Dec  1 04:17:01 FOXTRAL CRON[224652]: pam_unix(cron:session): session opened for user root(uid=0) by (uid=0)
Dec  1 04:17:01 FOXTRAL CRON[224652]: pam_unix(cron:session): session closed for user root
Dec  1 05:17:01 FOXTRAL CRON[228223]: pam_unix(cron:session): session opened for user root(uid=0) by (uid=0)
Dec  1 05:17:01 FOXTRAL CRON[228223]: pam_unix(cron:session): session closed for user root
Dec  1 06:17:01 FOXTRAL CRON[231777]: pam_unix(cron:session): session opened for user root(uid=0) by (uid=0)
Dec  1 06:17:01 FOXTRAL CRON[231777]: pam_unix(cron:session): session closed for user root
Dec  1 06:25:01 FOXTRAL CRON[232259]: pam_unix(cron:session): session opened for user root(uid=0) by (uid=0)
Dec  1 06:25:01 FOXTRAL CRON[232259]: pam_unix(cron:session): session closed for user root
Dec  1 06:52:01 FOXTRAL CRON[233870]: pam_unix(cron:session): session opened for user root(uid=0) by (uid=0)
Dec  1 06:52:01 FOXTRAL CRON[233870]: pam_unix(cron:session): session closed for user root
Dec  1 07:17:01 FOXTRAL CRON[235361]: pam_unix(cron:session): session opened for user root(uid=0) by (uid=0)
Dec  1 07:17:01 FOXTRAL CRON[235361]: pam_unix(cron:session): session closed for user root
Dec  1 08:17:01 FOXTRAL CRON[238932]: pam_unix(cron:session): session opened for user root(uid=0) by (uid=0)
Dec  1 08:17:01 FOXTRAL CRON[238932]: pam_unix(cron:session): session closed for user root
Dec  1 09:17:01 FOXTRAL CRON[242501]: pam_unix(cron:session): session opened for user root(uid=0) by (uid=0)
Dec  1 09:17:01 FOXTRAL CRON[242501]: pam_unix(cron:session): session closed for user root
Dec  1 09:17:05 FOXTRAL systemd-logind[428]: New seat seat0.
Dec  1 09:17:06 FOXTRAL sshd[505]: Server listening on 0.0.0.0 port 22.
Dec  1 09:17:06 FOXTRAL sshd[505]: Server listening on :: port 22.
Dec  1 09:17:05 FOXTRAL systemd-logind[386]: New seat seat0.
Dec  1 09:17:06 FOXTRAL sshd[539]: Server listening on 0.0.0.0 port 22.
Dec  1 09:17:06 FOXTRAL sshd[539]: Server listening on :: port 22.
Jan 24 14:12:23 FOXTRAL systemd-logind[386]: System is rebooting.
