
Start-Date: 2023-07-30  10:02:03
Commandline: apt install --yes libjpeg62-turbo-dev libconfig9 rpi-update dnsmasq git cmake libusb-1.0-0-dev build-essential autoconf libtool i2c-tools libfftw3-dev libncurses-dev python3-serial jq ifplugd iptables
Install: libnetfilter-conntrack3:arm64 (1.0.8-3, automatic), dnsmasq:arm64 (2.85-1), libltdl7:arm64 (2.4.6-15, automatic), iptables:arm64 (1.8.7-1), libonig5:arm64 (6.9.6-1.1, automatic), libfftw3-bin:arm64 (3.3.8-2, automatic), libfftw3-dev:arm64 (3.3.8-2), git:arm64 (1:2.30.2-1+deb11u2), libarchive13:arm64 (3.4.3-2+deb11u1, automatic), libjpeg62-turbo-dev:arm64 (1:2.0.6-4), automake:arm64 (1:1.16.3-2, automatic), libfftw3-double3:arm64 (3.3.8-2, automatic), i2c-tools:arm64 (4.2-1+b1), libusb-1.0-0-dev:arm64 (2:1.0.24-3), libusb-1.0-doc:arm64 (2:1.0.24-3, automatic), libsigsegv2:arm64 (2.13-1, automatic), libi2c0:arm64 (4.2-1+b1, automatic), file:arm64 (1:5.39-3, automatic), libjsoncpp24:arm64 (1.9.4-4, automatic), libltdl-dev:arm64 (2.4.6-15, automatic), autoconf:arm64 (2.69-14), dnsmasq-base:arm64 (2.85-1, automatic), libconfig9:arm64 (1.5-0.4), ifplugd:arm64 (0.28-19.5), libnfnetlink0:arm64 (1.0.1-3+b1, automatic), libncurses-dev:arm64 (6.2+20201114-2+deb11u1), python3-serial:arm64 (3.5~b0-1), autotools-dev:arm64 (20180224.1+nmu1, automatic), libtool:arm64 (2.4.6-15), libip6tc2:arm64 (1.8.7-1, automatic), liberror-perl:arm64 (0.17029-1, automatic), librhash0:arm64 (1.4.1-2, automatic), cmake-data:arm64 (3.18.4-2+rpt1+rpi1+deb11u1, automatic), jq:arm64 (1.6-2.1), m4:arm64 (1.4.18-5, automatic), libfftw3-long3:arm64 (3.3.8-2, automatic), libjq1:arm64 (1.6-2.1, automatic), git-man:arm64 (1:2.30.2-1+deb11u2, automatic), cmake:arm64 (3.18.4-2+rpt1+rpi1+deb11u1), dns-root-data:arm64 (2021011101, automatic), read-edid:arm64 (3.0.2-1.1, automatic)
Upgrade: libtinfo6:arm64 (6.2+20201114-2, 6.2+20201114-2+deb11u1), libncursesw6:arm64 (6.2+20201114-2, 6.2+20201114-2+deb11u1), libncurses6:arm64 (6.2+20201114-2, 6.2+20201114-2+deb11u1)
End-Date: 2023-07-30  10:02:50

Start-Date: 2023-07-30  10:02:54
Commandline: apt purge -y dphys-swapfile
Purge: dphys-swapfile:arm64 (20100506-7)
End-Date: 2023-07-30  10:02:56

Start-Date: 2023-07-30  10:02:59
Commandline: apt autoremove -y
Remove: dc:arm64 (1.07.1-2+b2)
End-Date: 2023-07-30  10:03:00

Start-Date: 2023-07-30  10:09:33
Commandline: apt remove --purge --yes alsa-ucm-conf alsa-topology-conf bluez bluez-firmware cifs-utils cmake cmake-data v4l-utils rsync pigz pi-bluetooth cpp cpp-10 zlib1g-dev
Upgrade: libfreetype6:arm64 (2.10.4+dfsg-1, 2.10.4+dfsg-1+deb11u1)
Purge: cifs-utils:arm64 (2:6.11-3.1), g++-10:arm64 (10.2.1-6), gcc-10:arm64 (10.2.1-6), pi-bluetooth:arm64 (0.1.18), build-essential:arm64 (12.9), libfreetype6-dev:arm64 (2.10.4+dfsg-1), cpp:arm64 (4:10.2.1-1), g++:arm64 (4:10.2.1-1), gcc:arm64 (4:10.2.1-1), pigz:arm64 (2.6-1), alsa-ucm-conf:arm64 (1.2.4-2), libpng-dev:arm64 (1.6.37-3), zlib1g-dev:arm64 (1:1.2.11.dfsg-2+deb11u1), v4l-utils:arm64 (1.20.0-2), bluez-firmware:arm64 (1.2-4+rpt8), rsync:arm64 (3.2.3-4+deb11u1), libtool:arm64 (2.4.6-15), cpp-10:arm64 (10.2.1-6), alsa-topology-conf:arm64 (1.2.4-1), cmake-data:arm64 (3.18.4-2+rpt1+rpi1+deb11u1), libfreetype-dev:arm64 (2.10.4+dfsg-1), bluez:arm64 (5.55-3.1+rpt1), cmake:arm64 (3.18.4-2+rpt1+rpi1+deb11u1)
End-Date: 2023-07-30  10:09:50

Start-Date: 2023-07-30  10:09:53
Commandline: apt autoremove --purge --yes
Purge: libltdl7:arm64 (2.4.6-15), libtsan0:arm64 (10.2.1-6), libtevent0:arm64 (0.10.2-1), libarchive13:arm64 (3.4.3-2+deb11u1), libwbclient0:arm64 (2:4.13.13+dfsg-1~deb11u3), libjsoncpp24:arm64 (1.9.4-4), libv4l2rds0:arm64 (1.20.0-2), libcc1-0:arm64 (10.2.1-6), libmpc3:arm64 (1.2.0-1), libltdl-dev:arm64 (2.4.6-15), libasan6:arm64 (10.2.1-6), libbrotli-dev:arm64 (1.0.9-2+b2), libitm1:arm64 (10.2.1-6), libv4l-0:arm64 (1.20.0-2), librhash0:arm64 (1.4.1-2), libpng-tools:arm64 (1.6.37-3), libisl23:arm64 (0.23-1), libv4lconvert0:arm64 (1.20.0-2), libubsan1:arm64 (10.2.1-6), liblsan0:arm64 (10.2.1-6), libgcc-10-dev:arm64 (10.2.1-6), libtalloc2:arm64 (2.3.1-2+b1), libstdc++-10-dev:arm64 (10.2.1-6), libatomic1:arm64 (10.2.1-6)
End-Date: 2023-07-30  10:10:02
