update-alternatives 2023-07-30 10:02:43: run with --install /usr/bin/automake automake /usr/bin/automake-1.16 34 --slave /usr/bin/aclocal aclocal /usr/bin/aclocal-1.16 --slave /usr/share/man/man1/automake.1.gz automake.1.gz /usr/share/man/man1/automake-1.16.1.gz --slave /usr/share/man/man1/aclocal.1.gz aclocal.1.gz /usr/share/man/man1/aclocal-1.16.1.gz
update-alternatives 2023-07-30 10:02:43: link group automake updated to point to /usr/bin/automake-1.16
update-alternatives 2023-07-30 10:02:43: run with --install /usr/sbin/iptables iptables /usr/sbin/iptables-legacy 10 --slave /usr/sbin/iptables-restore iptables-restore /usr/sbin/iptables-legacy-restore --slave /usr/sbin/iptables-save iptables-save /usr/sbin/iptables-legacy-save
update-alternatives 2023-07-30 10:02:43: link group iptables updated to point to /usr/sbin/iptables-legacy
update-alternatives 2023-07-30 10:02:43: run with --install /usr/sbin/ip6tables ip6tables /usr/sbin/ip6tables-legacy 10 --slave /usr/sbin/ip6tables-restore ip6tables-restore /usr/sbin/ip6tables-legacy-restore --slave /usr/sbin/ip6tables-save ip6tables-save /usr/sbin/ip6tables-legacy-save
update-alternatives 2023-07-30 10:02:43: link group ip6tables updated to point to /usr/sbin/ip6tables-legacy
update-alternatives 2023-07-30 10:02:43: run with --install /usr/sbin/iptables iptables /usr/sbin/iptables-nft 20 --slave /usr/sbin/iptables-restore iptables-restore /usr/sbin/iptables-nft-restore --slave /usr/sbin/iptables-save iptables-save /usr/sbin/iptables-nft-save
update-alternatives 2023-07-30 10:02:43: link group iptables updated to point to /usr/sbin/iptables-nft
update-alternatives 2023-07-30 10:02:43: run with --install /usr/sbin/ip6tables ip6tables /usr/sbin/ip6tables-nft 20 --slave /usr/sbin/ip6tables-restore ip6tables-restore /usr/sbin/ip6tables-nft-restore --slave /usr/sbin/ip6tables-save ip6tables-save /usr/sbin/ip6tables-nft-save
update-alternatives 2023-07-30 10:02:43: link group ip6tables updated to point to /usr/sbin/ip6tables-nft
update-alternatives 2023-07-30 10:02:43: run with --install /usr/sbin/arptables arptables /usr/sbin/arptables-nft 20 --slave /usr/sbin/arptables-restore arptables-restore /usr/sbin/arptables-nft-restore --slave /usr/sbin/arptables-save arptables-save /usr/sbin/arptables-nft-save
update-alternatives 2023-07-30 10:02:43: link group arptables updated to point to /usr/sbin/arptables-nft
update-alternatives 2023-07-30 10:02:43: run with --install /usr/sbin/ebtables ebtables /usr/sbin/ebtables-nft 20 --slave /usr/sbin/ebtables-restore ebtables-restore /usr/sbin/ebtables-nft-restore --slave /usr/sbin/ebtables-save ebtables-save /usr/sbin/ebtables-nft-save
update-alternatives 2023-07-30 10:02:43: link group ebtables updated to point to /usr/sbin/ebtables-nft
update-alternatives 2023-07-30 10:09:40: run with --remove idmap-plugin /usr/lib/aarch64-linux-gnu/cifs-utils/idmapwb.so
update-alternatives 2023-07-30 10:09:40: link group idmap-plugin fully removed
update-alternatives 2023-07-30 10:09:41: run with --remove c++ /usr/bin/g++
update-alternatives 2023-07-30 10:09:41: link group c++ fully removed
update-alternatives 2023-07-30 10:09:42: run with --quiet --remove cc /usr/bin/gcc
update-alternatives 2023-07-30 10:09:42: link group cc fully removed
update-alternatives 2023-07-30 10:09:42: run with --quiet --remove c89 /usr/bin/c89-gcc
update-alternatives 2023-07-30 10:09:42: link group c89 fully removed
update-alternatives 2023-07-30 10:09:42: run with --quiet --remove c99 /usr/bin/c99-gcc
update-alternatives 2023-07-30 10:09:42: link group c99 fully removed
update-alternatives 2023-07-30 10:09:44: run with --quiet --remove cpp /usr/bin/cpp
update-alternatives 2023-07-30 10:09:44: link group cpp fully removed
