2023-07-30 10:02:04 startup archives unpack
2023-07-30 10:02:04 upgrade libncurses6:arm64 6.2+20201114-2 6.2+20201114-2+deb11u1
2023-07-30 10:02:04 status triggers-pending libc-bin:arm64 2.31-13+rpt2+rpi1+deb11u2
2023-07-30 10:02:04 status half-configured libncurses6:arm64 6.2+20201114-2
2023-07-30 10:02:04 status unpacked libncurses6:arm64 6.2+20201114-2
2023-07-30 10:02:04 status half-installed libncurses6:arm64 6.2+20201114-2
2023-07-30 10:02:04 status unpacked libncurses6:arm64 6.2+20201114-2+deb11u1
2023-07-30 10:02:04 upgrade libncursesw6:arm64 6.2+20201114-2 6.2+20201114-2+deb11u1
2023-07-30 10:02:04 status half-configured libncursesw6:arm64 6.2+20201114-2
2023-07-30 10:02:04 status unpacked libncursesw6:arm64 6.2+20201114-2
2023-07-30 10:02:04 status half-installed libncursesw6:arm64 6.2+20201114-2
2023-07-30 10:02:04 status unpacked libncursesw6:arm64 6.2+20201114-2+deb11u1
2023-07-30 10:02:05 upgrade libtinfo6:arm64 6.2+20201114-2 6.2+20201114-2+deb11u1
2023-07-30 10:02:05 status half-configured libtinfo6:arm64 6.2+20201114-2
2023-07-30 10:02:05 status unpacked libtinfo6:arm64 6.2+20201114-2
2023-07-30 10:02:05 status half-installed libtinfo6:arm64 6.2+20201114-2
2023-07-30 10:02:05 status unpacked libtinfo6:arm64 6.2+20201114-2+deb11u1
2023-07-30 10:02:05 startup packages configure
2023-07-30 10:02:05 configure libtinfo6:arm64 6.2+20201114-2+deb11u1 <none>
2023-07-30 10:02:05 status unpacked libtinfo6:arm64 6.2+20201114-2+deb11u1
2023-07-30 10:02:05 status half-configured libtinfo6:arm64 6.2+20201114-2+deb11u1
2023-07-30 10:02:05 status installed libtinfo6:arm64 6.2+20201114-2+deb11u1
2023-07-30 10:02:05 startup archives unpack
2023-07-30 10:02:05 install file:arm64 <none> 1:5.39-3
2023-07-30 10:02:05 status half-installed file:arm64 1:5.39-3
2023-07-30 10:02:05 status triggers-pending man-db:arm64 2.9.4-2
2023-07-30 10:02:05 status unpacked file:arm64 1:5.39-3
2023-07-30 10:02:06 install libsigsegv2:arm64 <none> 2.13-1
2023-07-30 10:02:06 status half-installed libsigsegv2:arm64 2.13-1
2023-07-30 10:02:06 status unpacked libsigsegv2:arm64 2.13-1
2023-07-30 10:02:06 install m4:arm64 <none> 1.4.18-5
2023-07-30 10:02:06 status half-installed m4:arm64 1.4.18-5
2023-07-30 10:02:07 status unpacked m4:arm64 1.4.18-5
2023-07-30 10:02:07 install autoconf:all <none> 2.69-14
2023-07-30 10:02:07 status half-installed autoconf:all 2.69-14
2023-07-30 10:02:07 status unpacked autoconf:all 2.69-14
2023-07-30 10:02:07 install autotools-dev:all <none> 20180224.1+nmu1
2023-07-30 10:02:07 status half-installed autotools-dev:all 20180224.1+nmu1
2023-07-30 10:02:07 status unpacked autotools-dev:all 20180224.1+nmu1
2023-07-30 10:02:07 install automake:all <none> 1:1.16.3-2
2023-07-30 10:02:07 status half-installed automake:all 1:1.16.3-2
2023-07-30 10:02:08 status unpacked automake:all 1:1.16.3-2
2023-07-30 10:02:08 install cmake-data:all <none> 3.18.4-2+rpt1+rpi1+deb11u1
2023-07-30 10:02:08 status half-installed cmake-data:all 3.18.4-2+rpt1+rpi1+deb11u1
2023-07-30 10:02:10 status unpacked cmake-data:all 3.18.4-2+rpt1+rpi1+deb11u1
2023-07-30 10:02:10 install libarchive13:arm64 <none> 3.4.3-2+deb11u1
2023-07-30 10:02:10 status half-installed libarchive13:arm64 3.4.3-2+deb11u1
2023-07-30 10:02:11 status unpacked libarchive13:arm64 3.4.3-2+deb11u1
2023-07-30 10:02:11 install libjsoncpp24:arm64 <none> 1.9.4-4
2023-07-30 10:02:11 status half-installed libjsoncpp24:arm64 1.9.4-4
2023-07-30 10:02:11 status unpacked libjsoncpp24:arm64 1.9.4-4
2023-07-30 10:02:11 install librhash0:arm64 <none> 1.4.1-2
2023-07-30 10:02:11 status half-installed librhash0:arm64 1.4.1-2
2023-07-30 10:02:14 status unpacked librhash0:arm64 1.4.1-2
2023-07-30 10:02:14 install cmake:arm64 <none> 3.18.4-2+rpt1+rpi1+deb11u1
2023-07-30 10:02:14 status half-installed cmake:arm64 3.18.4-2+rpt1+rpi1+deb11u1
2023-07-30 10:02:15 status unpacked cmake:arm64 3.18.4-2+rpt1+rpi1+deb11u1
2023-07-30 10:02:15 install dns-root-data:all <none> 2021011101
2023-07-30 10:02:15 status half-installed dns-root-data:all 2021011101
2023-07-30 10:02:15 status unpacked dns-root-data:all 2021011101
2023-07-30 10:02:16 install libnfnetlink0:arm64 <none> 1.0.1-3+b1
2023-07-30 10:02:16 status half-installed libnfnetlink0:arm64 1.0.1-3+b1
2023-07-30 10:02:16 status unpacked libnfnetlink0:arm64 1.0.1-3+b1
2023-07-30 10:02:16 install libnetfilter-conntrack3:arm64 <none> 1.0.8-3
2023-07-30 10:02:16 status half-installed libnetfilter-conntrack3:arm64 1.0.8-3
2023-07-30 10:02:16 status unpacked libnetfilter-conntrack3:arm64 1.0.8-3
2023-07-30 10:02:16 install dnsmasq-base:arm64 <none> 2.85-1
2023-07-30 10:02:16 status half-installed dnsmasq-base:arm64 2.85-1
2023-07-30 10:02:16 status triggers-pending dbus:arm64 1.12.20-2
2023-07-30 10:02:18 status unpacked dnsmasq-base:arm64 2.85-1
2023-07-30 10:02:19 install dnsmasq:all <none> 2.85-1
2023-07-30 10:02:19 status half-installed dnsmasq:all 2.85-1
2023-07-30 10:02:19 status unpacked dnsmasq:all 2.85-1
2023-07-30 10:02:20 install liberror-perl:all <none> 0.17029-1
2023-07-30 10:02:20 status half-installed liberror-perl:all 0.17029-1
2023-07-30 10:02:20 status unpacked liberror-perl:all 0.17029-1
2023-07-30 10:02:21 install git-man:all <none> 1:2.30.2-1+deb11u2
2023-07-30 10:02:21 status half-installed git-man:all 1:2.30.2-1+deb11u2
2023-07-30 10:02:22 status unpacked git-man:all 1:2.30.2-1+deb11u2
2023-07-30 10:02:23 install git:arm64 <none> 1:2.30.2-1+deb11u2
2023-07-30 10:02:23 status half-installed git:arm64 1:2.30.2-1+deb11u2
2023-07-30 10:02:28 status unpacked git:arm64 1:2.30.2-1+deb11u2
2023-07-30 10:02:29 install libi2c0:arm64 <none> 4.2-1+b1
2023-07-30 10:02:29 status half-installed libi2c0:arm64 4.2-1+b1
2023-07-30 10:02:30 status unpacked libi2c0:arm64 4.2-1+b1
2023-07-30 10:02:31 install i2c-tools:arm64 <none> 4.2-1+b1
2023-07-30 10:02:31 status half-installed i2c-tools:arm64 4.2-1+b1
2023-07-30 10:02:31 status unpacked i2c-tools:arm64 4.2-1+b1
2023-07-30 10:02:31 install ifplugd:arm64 <none> 0.28-19.5
2023-07-30 10:02:31 status half-installed ifplugd:arm64 0.28-19.5
2023-07-30 10:02:31 status unpacked ifplugd:arm64 0.28-19.5
2023-07-30 10:02:31 install libip6tc2:arm64 <none> 1.8.7-1
2023-07-30 10:02:31 status half-installed libip6tc2:arm64 1.8.7-1
2023-07-30 10:02:31 status unpacked libip6tc2:arm64 1.8.7-1
2023-07-30 10:02:32 install iptables:arm64 <none> 1.8.7-1
2023-07-30 10:02:32 status half-installed iptables:arm64 1.8.7-1
2023-07-30 10:02:32 status unpacked iptables:arm64 1.8.7-1
2023-07-30 10:02:32 install libonig5:arm64 <none> 6.9.6-1.1
2023-07-30 10:02:32 status half-installed libonig5:arm64 6.9.6-1.1
2023-07-30 10:02:32 status unpacked libonig5:arm64 6.9.6-1.1
2023-07-30 10:02:32 install libjq1:arm64 <none> 1.6-2.1
2023-07-30 10:02:32 status half-installed libjq1:arm64 1.6-2.1
2023-07-30 10:02:33 status unpacked libjq1:arm64 1.6-2.1
2023-07-30 10:02:33 install jq:arm64 <none> 1.6-2.1
2023-07-30 10:02:33 status half-installed jq:arm64 1.6-2.1
2023-07-30 10:02:33 status unpacked jq:arm64 1.6-2.1
2023-07-30 10:02:33 install libconfig9:arm64 <none> 1.5-0.4
2023-07-30 10:02:33 status half-installed libconfig9:arm64 1.5-0.4
2023-07-30 10:02:33 status unpacked libconfig9:arm64 1.5-0.4
2023-07-30 10:02:33 install libfftw3-double3:arm64 <none> 3.3.8-2
2023-07-30 10:02:33 status half-installed libfftw3-double3:arm64 3.3.8-2
2023-07-30 10:02:33 status unpacked libfftw3-double3:arm64 3.3.8-2
2023-07-30 10:02:34 install libfftw3-long3:arm64 <none> 3.3.8-2
2023-07-30 10:02:34 status half-installed libfftw3-long3:arm64 3.3.8-2
2023-07-30 10:02:34 status unpacked libfftw3-long3:arm64 3.3.8-2
2023-07-30 10:02:34 install libfftw3-bin:arm64 <none> 3.3.8-2
2023-07-30 10:02:34 status half-installed libfftw3-bin:arm64 3.3.8-2
2023-07-30 10:02:34 status unpacked libfftw3-bin:arm64 3.3.8-2
2023-07-30 10:02:34 install libfftw3-dev:arm64 <none> 3.3.8-2
2023-07-30 10:02:34 status half-installed libfftw3-dev:arm64 3.3.8-2
2023-07-30 10:02:35 status unpacked libfftw3-dev:arm64 3.3.8-2
2023-07-30 10:02:35 install libjpeg62-turbo-dev:arm64 <none> 1:2.0.6-4
2023-07-30 10:02:35 status half-installed libjpeg62-turbo-dev:arm64 1:2.0.6-4
2023-07-30 10:02:35 status unpacked libjpeg62-turbo-dev:arm64 1:2.0.6-4
2023-07-30 10:02:35 install libltdl7:arm64 <none> 2.4.6-15
2023-07-30 10:02:35 status half-installed libltdl7:arm64 2.4.6-15
2023-07-30 10:02:35 status unpacked libltdl7:arm64 2.4.6-15
2023-07-30 10:02:36 install libltdl-dev:arm64 <none> 2.4.6-15
2023-07-30 10:02:36 status half-installed libltdl-dev:arm64 2.4.6-15
2023-07-30 10:02:36 status unpacked libltdl-dev:arm64 2.4.6-15
2023-07-30 10:02:36 install libncurses-dev:arm64 <none> 6.2+20201114-2+deb11u1
2023-07-30 10:02:36 status half-installed libncurses-dev:arm64 6.2+20201114-2+deb11u1
2023-07-30 10:02:36 status unpacked libncurses-dev:arm64 6.2+20201114-2+deb11u1
2023-07-30 10:02:36 install libtool:all <none> 2.4.6-15
2023-07-30 10:02:36 status half-installed libtool:all 2.4.6-15
2023-07-30 10:02:36 status unpacked libtool:all 2.4.6-15
2023-07-30 10:02:37 install libusb-1.0-0-dev:arm64 <none> 2:1.0.24-3
2023-07-30 10:02:37 status half-installed libusb-1.0-0-dev:arm64 2:1.0.24-3
2023-07-30 10:02:37 status unpacked libusb-1.0-0-dev:arm64 2:1.0.24-3
2023-07-30 10:02:37 install libusb-1.0-doc:all <none> 2:1.0.24-3
2023-07-30 10:02:37 status half-installed libusb-1.0-doc:all 2:1.0.24-3
2023-07-30 10:02:37 status unpacked libusb-1.0-doc:all 2:1.0.24-3
2023-07-30 10:02:37 install python3-serial:all <none> 3.5~b0-1
2023-07-30 10:02:37 status half-installed python3-serial:all 3.5~b0-1
2023-07-30 10:02:37 status unpacked python3-serial:all 3.5~b0-1
2023-07-30 10:02:38 install read-edid:arm64 <none> 3.0.2-1.1
2023-07-30 10:02:38 status half-installed read-edid:arm64 3.0.2-1.1
2023-07-30 10:02:38 status unpacked read-edid:arm64 3.0.2-1.1
2023-07-30 10:02:38 startup packages configure
2023-07-30 10:02:38 configure libconfig9:arm64 1.5-0.4 <none>
2023-07-30 10:02:38 status unpacked libconfig9:arm64 1.5-0.4
2023-07-30 10:02:38 status half-configured libconfig9:arm64 1.5-0.4
2023-07-30 10:02:38 status installed libconfig9:arm64 1.5-0.4
2023-07-30 10:02:38 configure libarchive13:arm64 3.4.3-2+deb11u1 <none>
2023-07-30 10:02:38 status unpacked libarchive13:arm64 3.4.3-2+deb11u1
2023-07-30 10:02:38 status half-configured libarchive13:arm64 3.4.3-2+deb11u1
2023-07-30 10:02:38 status installed libarchive13:arm64 3.4.3-2+deb11u1
2023-07-30 10:02:38 configure libip6tc2:arm64 1.8.7-1 <none>
2023-07-30 10:02:38 status unpacked libip6tc2:arm64 1.8.7-1
2023-07-30 10:02:38 status half-configured libip6tc2:arm64 1.8.7-1
2023-07-30 10:02:38 status installed libip6tc2:arm64 1.8.7-1
2023-07-30 10:02:38 configure libi2c0:arm64 4.2-1+b1 <none>
2023-07-30 10:02:38 status unpacked libi2c0:arm64 4.2-1+b1
2023-07-30 10:02:38 status half-configured libi2c0:arm64 4.2-1+b1
2023-07-30 10:02:38 status installed libi2c0:arm64 4.2-1+b1
2023-07-30 10:02:38 configure read-edid:arm64 3.0.2-1.1 <none>
2023-07-30 10:02:38 status unpacked read-edid:arm64 3.0.2-1.1
2023-07-30 10:02:38 status half-configured read-edid:arm64 3.0.2-1.1
2023-07-30 10:02:38 status installed read-edid:arm64 3.0.2-1.1
2023-07-30 10:02:38 configure libusb-1.0-doc:all 2:1.0.24-3 <none>
2023-07-30 10:02:38 status unpacked libusb-1.0-doc:all 2:1.0.24-3
2023-07-30 10:02:38 status half-configured libusb-1.0-doc:all 2:1.0.24-3
2023-07-30 10:02:38 status installed libusb-1.0-doc:all 2:1.0.24-3
2023-07-30 10:02:38 configure libfftw3-long3:arm64 3.3.8-2 <none>
2023-07-30 10:02:38 status unpacked libfftw3-long3:arm64 3.3.8-2
2023-07-30 10:02:38 status half-configured libfftw3-long3:arm64 3.3.8-2
2023-07-30 10:02:38 status installed libfftw3-long3:arm64 3.3.8-2
2023-07-30 10:02:38 configure libusb-1.0-0-dev:arm64 2:1.0.24-3 <none>
2023-07-30 10:02:38 status unpacked libusb-1.0-0-dev:arm64 2:1.0.24-3
2023-07-30 10:02:38 status half-configured libusb-1.0-0-dev:arm64 2:1.0.24-3
2023-07-30 10:02:38 status installed libusb-1.0-0-dev:arm64 2:1.0.24-3
2023-07-30 10:02:39 configure file:arm64 1:5.39-3 <none>
2023-07-30 10:02:39 status unpacked file:arm64 1:5.39-3
2023-07-30 10:02:39 status half-configured file:arm64 1:5.39-3
2023-07-30 10:02:39 status installed file:arm64 1:5.39-3
2023-07-30 10:02:39 configure dns-root-data:all 2021011101 <none>
2023-07-30 10:02:39 status unpacked dns-root-data:all 2021011101
2023-07-30 10:02:39 status half-configured dns-root-data:all 2021011101
2023-07-30 10:02:39 status installed dns-root-data:all 2021011101
2023-07-30 10:02:39 configure python3-serial:all 3.5~b0-1 <none>
2023-07-30 10:02:39 status unpacked python3-serial:all 3.5~b0-1
2023-07-30 10:02:39 status half-configured python3-serial:all 3.5~b0-1
2023-07-30 10:02:39 status installed python3-serial:all 3.5~b0-1
2023-07-30 10:02:39 configure liberror-perl:all 0.17029-1 <none>
2023-07-30 10:02:39 status unpacked liberror-perl:all 0.17029-1
2023-07-30 10:02:39 status half-configured liberror-perl:all 0.17029-1
2023-07-30 10:02:39 status installed liberror-perl:all 0.17029-1
2023-07-30 10:02:39 configure autotools-dev:all 20180224.1+nmu1 <none>
2023-07-30 10:02:39 status unpacked autotools-dev:all 20180224.1+nmu1
2023-07-30 10:02:39 status half-configured autotools-dev:all 20180224.1+nmu1
2023-07-30 10:02:40 status installed autotools-dev:all 20180224.1+nmu1
2023-07-30 10:02:40 configure libjpeg62-turbo-dev:arm64 1:2.0.6-4 <none>
2023-07-30 10:02:40 status unpacked libjpeg62-turbo-dev:arm64 1:2.0.6-4
2023-07-30 10:02:40 status half-configured libjpeg62-turbo-dev:arm64 1:2.0.6-4
2023-07-30 10:02:40 status installed libjpeg62-turbo-dev:arm64 1:2.0.6-4
2023-07-30 10:02:40 configure libncurses6:arm64 6.2+20201114-2+deb11u1 <none>
2023-07-30 10:02:40 status unpacked libncurses6:arm64 6.2+20201114-2+deb11u1
2023-07-30 10:02:40 status half-configured libncurses6:arm64 6.2+20201114-2+deb11u1
2023-07-30 10:02:40 status installed libncurses6:arm64 6.2+20201114-2+deb11u1
2023-07-30 10:02:40 configure libsigsegv2:arm64 2.13-1 <none>
2023-07-30 10:02:40 status unpacked libsigsegv2:arm64 2.13-1
2023-07-30 10:02:40 status half-configured libsigsegv2:arm64 2.13-1
2023-07-30 10:02:40 status installed libsigsegv2:arm64 2.13-1
2023-07-30 10:02:40 configure i2c-tools:arm64 4.2-1+b1 <none>
2023-07-30 10:02:40 status unpacked i2c-tools:arm64 4.2-1+b1
2023-07-30 10:02:40 status half-configured i2c-tools:arm64 4.2-1+b1
2023-07-30 10:02:40 status installed i2c-tools:arm64 4.2-1+b1
2023-07-30 10:02:40 configure libncursesw6:arm64 6.2+20201114-2+deb11u1 <none>
2023-07-30 10:02:40 status unpacked libncursesw6:arm64 6.2+20201114-2+deb11u1
2023-07-30 10:02:40 status half-configured libncursesw6:arm64 6.2+20201114-2+deb11u1
2023-07-30 10:02:40 status installed libncursesw6:arm64 6.2+20201114-2+deb11u1
2023-07-30 10:02:40 configure libltdl7:arm64 2.4.6-15 <none>
2023-07-30 10:02:40 status unpacked libltdl7:arm64 2.4.6-15
2023-07-30 10:02:40 status half-configured libltdl7:arm64 2.4.6-15
2023-07-30 10:02:40 status installed libltdl7:arm64 2.4.6-15
2023-07-30 10:02:40 configure libfftw3-double3:arm64 3.3.8-2 <none>
2023-07-30 10:02:40 status unpacked libfftw3-double3:arm64 3.3.8-2
2023-07-30 10:02:40 status half-configured libfftw3-double3:arm64 3.3.8-2
2023-07-30 10:02:40 status installed libfftw3-double3:arm64 3.3.8-2
2023-07-30 10:02:40 configure libjsoncpp24:arm64 1.9.4-4 <none>
2023-07-30 10:02:40 status unpacked libjsoncpp24:arm64 1.9.4-4
2023-07-30 10:02:40 status half-configured libjsoncpp24:arm64 1.9.4-4
2023-07-30 10:02:40 status installed libjsoncpp24:arm64 1.9.4-4
2023-07-30 10:02:40 configure ifplugd:arm64 0.28-19.5 <none>
2023-07-30 10:02:40 status unpacked ifplugd:arm64 0.28-19.5
2023-07-30 10:02:40 status half-configured ifplugd:arm64 0.28-19.5
2023-07-30 10:02:41 status installed ifplugd:arm64 0.28-19.5
2023-07-30 10:02:41 configure librhash0:arm64 1.4.1-2 <none>
2023-07-30 10:02:41 status unpacked librhash0:arm64 1.4.1-2
2023-07-30 10:02:41 status half-configured librhash0:arm64 1.4.1-2
2023-07-30 10:02:41 status installed librhash0:arm64 1.4.1-2
2023-07-30 10:02:41 configure libnfnetlink0:arm64 1.0.1-3+b1 <none>
2023-07-30 10:02:41 status unpacked libnfnetlink0:arm64 1.0.1-3+b1
2023-07-30 10:02:41 status half-configured libnfnetlink0:arm64 1.0.1-3+b1
2023-07-30 10:02:41 status installed libnfnetlink0:arm64 1.0.1-3+b1
2023-07-30 10:02:41 configure git-man:all 1:2.30.2-1+deb11u2 <none>
2023-07-30 10:02:41 status unpacked git-man:all 1:2.30.2-1+deb11u2
2023-07-30 10:02:41 status half-configured git-man:all 1:2.30.2-1+deb11u2
2023-07-30 10:02:41 status installed git-man:all 1:2.30.2-1+deb11u2
2023-07-30 10:02:41 configure cmake-data:all 3.18.4-2+rpt1+rpi1+deb11u1 <none>
2023-07-30 10:02:41 status unpacked cmake-data:all 3.18.4-2+rpt1+rpi1+deb11u1
2023-07-30 10:02:41 status half-configured cmake-data:all 3.18.4-2+rpt1+rpi1+deb11u1
2023-07-30 10:02:41 status installed cmake-data:all 3.18.4-2+rpt1+rpi1+deb11u1
2023-07-30 10:02:41 configure libonig5:arm64 6.9.6-1.1 <none>
2023-07-30 10:02:41 status unpacked libonig5:arm64 6.9.6-1.1
2023-07-30 10:02:41 status half-configured libonig5:arm64 6.9.6-1.1
2023-07-30 10:02:41 status installed libonig5:arm64 6.9.6-1.1
2023-07-30 10:02:42 configure libncurses-dev:arm64 6.2+20201114-2+deb11u1 <none>
2023-07-30 10:02:42 status unpacked libncurses-dev:arm64 6.2+20201114-2+deb11u1
2023-07-30 10:02:42 status half-configured libncurses-dev:arm64 6.2+20201114-2+deb11u1
2023-07-30 10:02:42 status installed libncurses-dev:arm64 6.2+20201114-2+deb11u1
2023-07-30 10:02:42 configure libtool:all 2.4.6-15 <none>
2023-07-30 10:02:42 status unpacked libtool:all 2.4.6-15
2023-07-30 10:02:42 status half-configured libtool:all 2.4.6-15
2023-07-30 10:02:42 status installed libtool:all 2.4.6-15
2023-07-30 10:02:42 configure libfftw3-bin:arm64 3.3.8-2 <none>
2023-07-30 10:02:42 status unpacked libfftw3-bin:arm64 3.3.8-2
2023-07-30 10:02:42 status half-configured libfftw3-bin:arm64 3.3.8-2
2023-07-30 10:02:42 status installed libfftw3-bin:arm64 3.3.8-2
2023-07-30 10:02:42 configure libjq1:arm64 1.6-2.1 <none>
2023-07-30 10:02:42 status unpacked libjq1:arm64 1.6-2.1
2023-07-30 10:02:42 status half-configured libjq1:arm64 1.6-2.1
2023-07-30 10:02:42 status installed libjq1:arm64 1.6-2.1
2023-07-30 10:02:42 configure m4:arm64 1.4.18-5 <none>
2023-07-30 10:02:42 status unpacked m4:arm64 1.4.18-5
2023-07-30 10:02:42 status half-configured m4:arm64 1.4.18-5
2023-07-30 10:02:42 status installed m4:arm64 1.4.18-5
2023-07-30 10:02:42 configure git:arm64 1:2.30.2-1+deb11u2 <none>
2023-07-30 10:02:42 status unpacked git:arm64 1:2.30.2-1+deb11u2
2023-07-30 10:02:42 status half-configured git:arm64 1:2.30.2-1+deb11u2
2023-07-30 10:02:42 status installed git:arm64 1:2.30.2-1+deb11u2
2023-07-30 10:02:42 configure autoconf:all 2.69-14 <none>
2023-07-30 10:02:42 status unpacked autoconf:all 2.69-14
2023-07-30 10:02:42 status half-configured autoconf:all 2.69-14
2023-07-30 10:02:42 status installed autoconf:all 2.69-14
2023-07-30 10:02:42 configure libnetfilter-conntrack3:arm64 1.0.8-3 <none>
2023-07-30 10:02:42 status unpacked libnetfilter-conntrack3:arm64 1.0.8-3
2023-07-30 10:02:42 status half-configured libnetfilter-conntrack3:arm64 1.0.8-3
2023-07-30 10:02:42 status installed libnetfilter-conntrack3:arm64 1.0.8-3
2023-07-30 10:02:42 configure jq:arm64 1.6-2.1 <none>
2023-07-30 10:02:42 status unpacked jq:arm64 1.6-2.1
2023-07-30 10:02:42 status half-configured jq:arm64 1.6-2.1
2023-07-30 10:02:42 status installed jq:arm64 1.6-2.1
2023-07-30 10:02:42 configure cmake:arm64 3.18.4-2+rpt1+rpi1+deb11u1 <none>
2023-07-30 10:02:42 status unpacked cmake:arm64 3.18.4-2+rpt1+rpi1+deb11u1
2023-07-30 10:02:43 status half-configured cmake:arm64 3.18.4-2+rpt1+rpi1+deb11u1
2023-07-30 10:02:43 status installed cmake:arm64 3.18.4-2+rpt1+rpi1+deb11u1
2023-07-30 10:02:43 configure libfftw3-dev:arm64 3.3.8-2 <none>
2023-07-30 10:02:43 status unpacked libfftw3-dev:arm64 3.3.8-2
2023-07-30 10:02:43 status half-configured libfftw3-dev:arm64 3.3.8-2
2023-07-30 10:02:43 status installed libfftw3-dev:arm64 3.3.8-2
2023-07-30 10:02:43 configure automake:all 1:1.16.3-2 <none>
2023-07-30 10:02:43 status unpacked automake:all 1:1.16.3-2
2023-07-30 10:02:43 status half-configured automake:all 1:1.16.3-2
2023-07-30 10:02:43 status installed automake:all 1:1.16.3-2
2023-07-30 10:02:43 configure iptables:arm64 1.8.7-1 <none>
2023-07-30 10:02:43 status unpacked iptables:arm64 1.8.7-1
2023-07-30 10:02:43 status half-configured iptables:arm64 1.8.7-1
2023-07-30 10:02:43 status installed iptables:arm64 1.8.7-1
2023-07-30 10:02:43 configure dnsmasq-base:arm64 2.85-1 <none>
2023-07-30 10:02:43 status unpacked dnsmasq-base:arm64 2.85-1
2023-07-30 10:02:43 status half-configured dnsmasq-base:arm64 2.85-1
2023-07-30 10:02:44 status installed dnsmasq-base:arm64 2.85-1
2023-07-30 10:02:44 configure dnsmasq:all 2.85-1 <none>
2023-07-30 10:02:44 status unpacked dnsmasq:all 2.85-1
2023-07-30 10:02:44 status half-configured dnsmasq:all 2.85-1
2023-07-30 10:02:45 status installed dnsmasq:all 2.85-1
2023-07-30 10:02:45 configure libltdl-dev:arm64 2.4.6-15 <none>
2023-07-30 10:02:45 status unpacked libltdl-dev:arm64 2.4.6-15
2023-07-30 10:02:45 status half-configured libltdl-dev:arm64 2.4.6-15
2023-07-30 10:02:45 status installed libltdl-dev:arm64 2.4.6-15
2023-07-30 10:02:45 trigproc libc-bin:arm64 2.31-13+rpt2+rpi1+deb11u2 <none>
2023-07-30 10:02:45 status half-configured libc-bin:arm64 2.31-13+rpt2+rpi1+deb11u2
2023-07-30 10:02:46 status installed libc-bin:arm64 2.31-13+rpt2+rpi1+deb11u2
2023-07-30 10:02:46 trigproc man-db:arm64 2.9.4-2 <none>
2023-07-30 10:02:46 status half-configured man-db:arm64 2.9.4-2
2023-07-30 10:02:50 status installed man-db:arm64 2.9.4-2
2023-07-30 10:02:50 trigproc dbus:arm64 1.12.20-2 <none>
2023-07-30 10:02:50 status half-configured dbus:arm64 1.12.20-2
2023-07-30 10:02:50 status installed dbus:arm64 1.12.20-2
2023-07-30 10:02:54 startup packages remove
2023-07-30 10:02:54 status installed dphys-swapfile:all 20100506-7
2023-07-30 10:02:54 remove dphys-swapfile:all 20100506-7 <none>
2023-07-30 10:02:54 status half-configured dphys-swapfile:all 20100506-7
2023-07-30 10:02:54 status half-installed dphys-swapfile:all 20100506-7
2023-07-30 10:02:54 status triggers-pending man-db:arm64 2.9.4-2
2023-07-30 10:02:55 status config-files dphys-swapfile:all 20100506-7
2023-07-30 10:02:55 startup packages configure
2023-07-30 10:02:55 trigproc man-db:arm64 2.9.4-2 <none>
2023-07-30 10:02:55 status half-configured man-db:arm64 2.9.4-2
2023-07-30 10:02:55 status installed man-db:arm64 2.9.4-2
2023-07-30 10:02:55 startup packages purge
2023-07-30 10:02:55 purge dphys-swapfile:all 20100506-7 <none>
2023-07-30 10:02:55 status config-files dphys-swapfile:all 20100506-7
2023-07-30 10:02:56 status not-installed dphys-swapfile:all <none>
2023-07-30 10:02:56 startup packages configure
2023-07-30 10:02:59 startup packages remove
2023-07-30 10:02:59 status installed dc:arm64 1.07.1-2+b2
2023-07-30 10:02:59 remove dc:arm64 1.07.1-2+b2 <none>
2023-07-30 10:02:59 status half-configured dc:arm64 1.07.1-2+b2
2023-07-30 10:02:59 status half-installed dc:arm64 1.07.1-2+b2
2023-07-30 10:02:59 status triggers-pending man-db:arm64 2.9.4-2
2023-07-30 10:02:59 status config-files dc:arm64 1.07.1-2+b2
2023-07-30 10:03:00 startup packages configure
2023-07-30 10:03:00 trigproc man-db:arm64 2.9.4-2 <none>
2023-07-30 10:03:00 status half-configured man-db:arm64 2.9.4-2
2023-07-30 10:03:00 status installed man-db:arm64 2.9.4-2
2023-07-30 10:09:33 startup packages remove
2023-07-30 10:09:33 status installed alsa-topology-conf:all 1.2.4-1
2023-07-30 10:09:34 remove alsa-topology-conf:all 1.2.4-1 <none>
2023-07-30 10:09:34 status half-configured alsa-topology-conf:all 1.2.4-1
2023-07-30 10:09:34 status half-installed alsa-topology-conf:all 1.2.4-1
2023-07-30 10:09:34 status config-files alsa-topology-conf:all 1.2.4-1
2023-07-30 10:09:34 status not-installed alsa-topology-conf:all <none>
2023-07-30 10:09:34 status installed alsa-ucm-conf:all 1.2.4-2
2023-07-30 10:09:34 remove alsa-ucm-conf:all 1.2.4-2 <none>
2023-07-30 10:09:34 status half-configured alsa-ucm-conf:all 1.2.4-2
2023-07-30 10:09:34 status half-installed alsa-ucm-conf:all 1.2.4-2
2023-07-30 10:09:34 status config-files alsa-ucm-conf:all 1.2.4-2
2023-07-30 10:09:34 status not-installed alsa-ucm-conf:all <none>
2023-07-30 10:09:37 status installed pi-bluetooth:all 0.1.18
2023-07-30 10:09:37 remove pi-bluetooth:all 0.1.18 <none>
2023-07-30 10:09:37 status half-configured pi-bluetooth:all 0.1.18
2023-07-30 10:09:38 status half-installed pi-bluetooth:all 0.1.18
2023-07-30 10:09:39 status config-files pi-bluetooth:all 0.1.18
2023-07-30 10:09:39 status installed bluez:arm64 5.55-3.1+rpt1
2023-07-30 10:09:39 remove bluez:arm64 5.55-3.1+rpt1 <none>
2023-07-30 10:09:39 status half-configured bluez:arm64 5.55-3.1+rpt1
2023-07-30 10:09:39 status half-installed bluez:arm64 5.55-3.1+rpt1
2023-07-30 10:09:39 status triggers-pending man-db:arm64 2.9.4-2
2023-07-30 10:09:39 status triggers-pending dbus:arm64 1.12.20-2
2023-07-30 10:09:39 status config-files bluez:arm64 5.55-3.1+rpt1
2023-07-30 10:09:39 status installed bluez-firmware:all 1.2-4+rpt8
2023-07-30 10:09:39 remove bluez-firmware:all 1.2-4+rpt8 <none>
2023-07-30 10:09:39 status half-configured bluez-firmware:all 1.2-4+rpt8
2023-07-30 10:09:39 status half-installed bluez-firmware:all 1.2-4+rpt8
2023-07-30 10:09:39 status config-files bluez-firmware:all 1.2-4+rpt8
2023-07-30 10:09:40 status not-installed bluez-firmware:all <none>
2023-07-30 10:09:40 status installed build-essential:arm64 12.9
2023-07-30 10:09:40 remove build-essential:arm64 12.9 <none>
2023-07-30 10:09:40 status half-configured build-essential:arm64 12.9
2023-07-30 10:09:40 status half-installed build-essential:arm64 12.9
2023-07-30 10:09:40 status config-files build-essential:arm64 12.9
2023-07-30 10:09:40 status not-installed build-essential:arm64 <none>
2023-07-30 10:09:40 status installed cifs-utils:arm64 2:6.11-3.1
2023-07-30 10:09:40 remove cifs-utils:arm64 2:6.11-3.1 <none>
2023-07-30 10:09:40 status half-configured cifs-utils:arm64 2:6.11-3.1
2023-07-30 10:09:40 status half-installed cifs-utils:arm64 2:6.11-3.1
2023-07-30 10:09:40 status config-files cifs-utils:arm64 2:6.11-3.1
2023-07-30 10:09:40 status installed cmake:arm64 3.18.4-2+rpt1+rpi1+deb11u1
2023-07-30 10:09:40 remove cmake:arm64 3.18.4-2+rpt1+rpi1+deb11u1 <none>
2023-07-30 10:09:40 status half-configured cmake:arm64 3.18.4-2+rpt1+rpi1+deb11u1
2023-07-30 10:09:40 status half-installed cmake:arm64 3.18.4-2+rpt1+rpi1+deb11u1
2023-07-30 10:09:40 status config-files cmake:arm64 3.18.4-2+rpt1+rpi1+deb11u1
2023-07-30 10:09:40 status not-installed cmake:arm64 <none>
2023-07-30 10:09:40 status installed cmake-data:all 3.18.4-2+rpt1+rpi1+deb11u1
2023-07-30 10:09:40 remove cmake-data:all 3.18.4-2+rpt1+rpi1+deb11u1 <none>
2023-07-30 10:09:40 status half-configured cmake-data:all 3.18.4-2+rpt1+rpi1+deb11u1
2023-07-30 10:09:40 status half-installed cmake-data:all 3.18.4-2+rpt1+rpi1+deb11u1
2023-07-30 10:09:41 status config-files cmake-data:all 3.18.4-2+rpt1+rpi1+deb11u1
2023-07-30 10:09:41 status installed g++:arm64 4:10.2.1-1
2023-07-30 10:09:41 remove g++:arm64 4:10.2.1-1 <none>
2023-07-30 10:09:41 status half-configured g++:arm64 4:10.2.1-1
2023-07-30 10:09:41 status half-installed g++:arm64 4:10.2.1-1
2023-07-30 10:09:41 status config-files g++:arm64 4:10.2.1-1
2023-07-30 10:09:41 status not-installed g++:arm64 <none>
2023-07-30 10:09:41 status installed libtool:all 2.4.6-15
2023-07-30 10:09:41 remove libtool:all 2.4.6-15 <none>
2023-07-30 10:09:41 status half-configured libtool:all 2.4.6-15
2023-07-30 10:09:41 status half-installed libtool:all 2.4.6-15
2023-07-30 10:09:41 status config-files libtool:all 2.4.6-15
2023-07-30 10:09:41 status not-installed libtool:all <none>
2023-07-30 10:09:41 status installed cpp:arm64 4:10.2.1-1
2023-07-30 10:09:41 status installed gcc:arm64 4:10.2.1-1
2023-07-30 10:09:42 remove gcc:arm64 4:10.2.1-1 <none>
2023-07-30 10:09:42 status half-configured gcc:arm64 4:10.2.1-1
2023-07-30 10:09:42 status half-installed gcc:arm64 4:10.2.1-1
2023-07-30 10:09:42 status config-files gcc:arm64 4:10.2.1-1
2023-07-30 10:09:42 status not-installed gcc:arm64 <none>
2023-07-30 10:09:42 status installed g++-10:arm64 10.2.1-6
2023-07-30 10:09:42 remove g++-10:arm64 10.2.1-6 <none>
2023-07-30 10:09:42 status half-configured g++-10:arm64 10.2.1-6
2023-07-30 10:09:42 status half-installed g++-10:arm64 10.2.1-6
2023-07-30 10:09:42 status config-files g++-10:arm64 10.2.1-6
2023-07-30 10:09:42 status not-installed g++-10:arm64 <none>
2023-07-30 10:09:42 status installed gcc-10:arm64 10.2.1-6
2023-07-30 10:09:42 remove gcc-10:arm64 10.2.1-6 <none>
2023-07-30 10:09:42 status half-configured gcc-10:arm64 10.2.1-6
2023-07-30 10:09:42 status half-installed gcc-10:arm64 10.2.1-6
2023-07-30 10:09:42 status config-files gcc-10:arm64 10.2.1-6
2023-07-30 10:09:42 status not-installed gcc-10:arm64 <none>
2023-07-30 10:09:42 status installed cpp-10:arm64 10.2.1-6
2023-07-30 10:09:42 status installed libfreetype6-dev:arm64 2.10.4+dfsg-1
2023-07-30 10:09:42 remove libfreetype6-dev:arm64 2.10.4+dfsg-1 <none>
2023-07-30 10:09:42 status half-configured libfreetype6-dev:arm64 2.10.4+dfsg-1
2023-07-30 10:09:42 status half-installed libfreetype6-dev:arm64 2.10.4+dfsg-1
2023-07-30 10:09:43 status config-files libfreetype6-dev:arm64 2.10.4+dfsg-1
2023-07-30 10:09:43 status installed libfreetype-dev:arm64 2.10.4+dfsg-1
2023-07-30 10:09:43 remove libfreetype-dev:arm64 2.10.4+dfsg-1 <none>
2023-07-30 10:09:43 status half-configured libfreetype-dev:arm64 2.10.4+dfsg-1
2023-07-30 10:09:43 status half-installed libfreetype-dev:arm64 2.10.4+dfsg-1
2023-07-30 10:09:43 status config-files libfreetype-dev:arm64 2.10.4+dfsg-1
2023-07-30 10:09:43 status not-installed libfreetype-dev:arm64 <none>
2023-07-30 10:09:43 status installed libpng-dev:arm64 1.6.37-3
2023-07-30 10:09:43 remove libpng-dev:arm64 1.6.37-3 <none>
2023-07-30 10:09:43 status half-configured libpng-dev:arm64 1.6.37-3
2023-07-30 10:09:43 status half-installed libpng-dev:arm64 1.6.37-3
2023-07-30 10:09:43 status config-files libpng-dev:arm64 1.6.37-3
2023-07-30 10:09:43 status not-installed libpng-dev:arm64 <none>
2023-07-30 10:09:43 status installed pigz:arm64 2.6-1
2023-07-30 10:09:43 remove pigz:arm64 2.6-1 <none>
2023-07-30 10:09:43 status half-configured pigz:arm64 2.6-1
2023-07-30 10:09:43 status half-installed pigz:arm64 2.6-1
2023-07-30 10:09:43 status config-files pigz:arm64 2.6-1
2023-07-30 10:09:43 status not-installed pigz:arm64 <none>
2023-07-30 10:09:43 status installed rsync:arm64 3.2.3-4+deb11u1
2023-07-30 10:09:43 remove rsync:arm64 3.2.3-4+deb11u1 <none>
2023-07-30 10:09:43 status half-configured rsync:arm64 3.2.3-4+deb11u1
2023-07-30 10:09:44 status half-installed rsync:arm64 3.2.3-4+deb11u1
2023-07-30 10:09:44 status config-files rsync:arm64 3.2.3-4+deb11u1
2023-07-30 10:09:44 status installed v4l-utils:arm64 1.20.0-2
2023-07-30 10:09:44 remove v4l-utils:arm64 1.20.0-2 <none>
2023-07-30 10:09:44 status half-configured v4l-utils:arm64 1.20.0-2
2023-07-30 10:09:44 status half-installed v4l-utils:arm64 1.20.0-2
2023-07-30 10:09:44 status config-files v4l-utils:arm64 1.20.0-2
2023-07-30 10:09:44 status not-installed v4l-utils:arm64 <none>
2023-07-30 10:09:44 status installed zlib1g-dev:arm64 1:1.2.11.dfsg-2+deb11u1
2023-07-30 10:09:44 remove zlib1g-dev:arm64 1:1.2.11.dfsg-2+deb11u1 <none>
2023-07-30 10:09:44 status half-configured zlib1g-dev:arm64 1:1.2.11.dfsg-2+deb11u1
2023-07-30 10:09:44 status half-installed zlib1g-dev:arm64 1:1.2.11.dfsg-2+deb11u1
2023-07-30 10:09:44 status config-files zlib1g-dev:arm64 1:1.2.11.dfsg-2+deb11u1
2023-07-30 10:09:44 status not-installed zlib1g-dev:arm64 <none>
2023-07-30 10:09:44 remove cpp:arm64 4:10.2.1-1 <none>
2023-07-30 10:09:44 status half-configured cpp:arm64 4:10.2.1-1
2023-07-30 10:09:44 status half-installed cpp:arm64 4:10.2.1-1
2023-07-30 10:09:44 status config-files cpp:arm64 4:10.2.1-1
2023-07-30 10:09:45 status not-installed cpp:arm64 <none>
2023-07-30 10:09:45 remove cpp-10:arm64 10.2.1-6 <none>
2023-07-30 10:09:45 status half-configured cpp-10:arm64 10.2.1-6
2023-07-30 10:09:45 status half-installed cpp-10:arm64 10.2.1-6
2023-07-30 10:09:45 status config-files cpp-10:arm64 10.2.1-6
2023-07-30 10:09:45 status not-installed cpp-10:arm64 <none>
2023-07-30 10:09:45 startup archives unpack
2023-07-30 10:09:45 upgrade libfreetype6:arm64 2.10.4+dfsg-1 2.10.4+dfsg-1+deb11u1
2023-07-30 10:09:45 status triggers-pending libc-bin:arm64 2.31-13+rpt2+rpi1+deb11u2
2023-07-30 10:09:45 status half-configured libfreetype6:arm64 2.10.4+dfsg-1
2023-07-30 10:09:45 status unpacked libfreetype6:arm64 2.10.4+dfsg-1
2023-07-30 10:09:45 status half-installed libfreetype6:arm64 2.10.4+dfsg-1
2023-07-30 10:09:45 status unpacked libfreetype6:arm64 2.10.4+dfsg-1+deb11u1
2023-07-30 10:09:46 startup packages configure
2023-07-30 10:09:46 configure libfreetype6:arm64 2.10.4+dfsg-1+deb11u1 <none>
2023-07-30 10:09:46 status unpacked libfreetype6:arm64 2.10.4+dfsg-1+deb11u1
2023-07-30 10:09:46 status half-configured libfreetype6:arm64 2.10.4+dfsg-1+deb11u1
2023-07-30 10:09:46 status installed libfreetype6:arm64 2.10.4+dfsg-1+deb11u1
2023-07-30 10:09:46 trigproc libc-bin:arm64 2.31-13+rpt2+rpi1+deb11u2 <none>
2023-07-30 10:09:46 status half-configured libc-bin:arm64 2.31-13+rpt2+rpi1+deb11u2
2023-07-30 10:09:46 status installed libc-bin:arm64 2.31-13+rpt2+rpi1+deb11u2
2023-07-30 10:09:46 trigproc man-db:arm64 2.9.4-2 <none>
2023-07-30 10:09:46 status half-configured man-db:arm64 2.9.4-2
2023-07-30 10:09:46 status installed man-db:arm64 2.9.4-2
2023-07-30 10:09:46 trigproc dbus:arm64 1.12.20-2 <none>
2023-07-30 10:09:46 status half-configured dbus:arm64 1.12.20-2
2023-07-30 10:09:46 status installed dbus:arm64 1.12.20-2
2023-07-30 10:09:47 startup packages purge
2023-07-30 10:09:47 purge pi-bluetooth:all 0.1.18 <none>
2023-07-30 10:09:47 status config-files pi-bluetooth:all 0.1.18
2023-07-30 10:09:48 status not-installed pi-bluetooth:all <none>
2023-07-30 10:09:48 purge cifs-utils:arm64 2:6.11-3.1 <none>
2023-07-30 10:09:48 status config-files cifs-utils:arm64 2:6.11-3.1
2023-07-30 10:09:48 status not-installed cifs-utils:arm64 <none>
2023-07-30 10:09:48 purge libfreetype6-dev:arm64 2.10.4+dfsg-1 <none>
2023-07-30 10:09:48 status config-files libfreetype6-dev:arm64 2.10.4+dfsg-1
2023-07-30 10:09:48 status not-installed libfreetype6-dev:arm64 <none>
2023-07-30 10:09:48 purge bluez:arm64 5.55-3.1+rpt1 <none>
2023-07-30 10:09:48 status config-files bluez:arm64 5.55-3.1+rpt1
2023-07-30 10:09:48 status triggers-pending dbus:arm64 1.12.20-2
2023-07-30 10:09:49 status not-installed bluez:arm64 <none>
2023-07-30 10:09:49 purge cmake-data:all 3.18.4-2+rpt1+rpi1+deb11u1 <none>
2023-07-30 10:09:49 status config-files cmake-data:all 3.18.4-2+rpt1+rpi1+deb11u1
2023-07-30 10:09:49 status not-installed cmake-data:all <none>
2023-07-30 10:09:49 purge rsync:arm64 3.2.3-4+deb11u1 <none>
2023-07-30 10:09:49 status config-files rsync:arm64 3.2.3-4+deb11u1
2023-07-30 10:09:49 status not-installed rsync:arm64 <none>
2023-07-30 10:09:50 startup packages configure
2023-07-30 10:09:50 trigproc dbus:arm64 1.12.20-2 <none>
2023-07-30 10:09:50 status half-configured dbus:arm64 1.12.20-2
2023-07-30 10:09:50 status installed dbus:arm64 1.12.20-2
2023-07-30 10:09:53 startup packages remove
2023-07-30 10:09:53 status installed libarchive13:arm64 3.4.3-2+deb11u1
2023-07-30 10:09:53 remove libarchive13:arm64 3.4.3-2+deb11u1 <none>
2023-07-30 10:09:53 status triggers-pending libc-bin:arm64 2.31-13+rpt2+rpi1+deb11u2
2023-07-30 10:09:53 status half-configured libarchive13:arm64 3.4.3-2+deb11u1
2023-07-30 10:09:53 status half-installed libarchive13:arm64 3.4.3-2+deb11u1
2023-07-30 10:09:54 status config-files libarchive13:arm64 3.4.3-2+deb11u1
2023-07-30 10:09:54 status not-installed libarchive13:arm64 <none>
2023-07-30 10:09:54 status installed libstdc++-10-dev:arm64 10.2.1-6
2023-07-30 10:09:54 remove libstdc++-10-dev:arm64 10.2.1-6 <none>
2023-07-30 10:09:54 status half-configured libstdc++-10-dev:arm64 10.2.1-6
2023-07-30 10:09:54 status half-installed libstdc++-10-dev:arm64 10.2.1-6
2023-07-30 10:09:54 status config-files libstdc++-10-dev:arm64 10.2.1-6
2023-07-30 10:09:54 status not-installed libstdc++-10-dev:arm64 <none>
2023-07-30 10:09:54 status installed libgcc-10-dev:arm64 10.2.1-6
2023-07-30 10:09:54 remove libgcc-10-dev:arm64 10.2.1-6 <none>
2023-07-30 10:09:54 status half-configured libgcc-10-dev:arm64 10.2.1-6
2023-07-30 10:09:54 status half-installed libgcc-10-dev:arm64 10.2.1-6
2023-07-30 10:09:54 status config-files libgcc-10-dev:arm64 10.2.1-6
2023-07-30 10:09:54 status not-installed libgcc-10-dev:arm64 <none>
2023-07-30 10:09:54 status installed libasan6:arm64 10.2.1-6
2023-07-30 10:09:54 remove libasan6:arm64 10.2.1-6 <none>
2023-07-30 10:09:54 status half-configured libasan6:arm64 10.2.1-6
2023-07-30 10:09:54 status half-installed libasan6:arm64 10.2.1-6
2023-07-30 10:09:54 status config-files libasan6:arm64 10.2.1-6
2023-07-30 10:09:55 status not-installed libasan6:arm64 <none>
2023-07-30 10:09:55 status installed libatomic1:arm64 10.2.1-6
2023-07-30 10:09:55 remove libatomic1:arm64 10.2.1-6 <none>
2023-07-30 10:09:55 status half-configured libatomic1:arm64 10.2.1-6
2023-07-30 10:09:55 status half-installed libatomic1:arm64 10.2.1-6
2023-07-30 10:09:55 status config-files libatomic1:arm64 10.2.1-6
2023-07-30 10:09:55 status not-installed libatomic1:arm64 <none>
2023-07-30 10:09:55 status installed libbrotli-dev:arm64 1.0.9-2+b2
2023-07-30 10:09:55 remove libbrotli-dev:arm64 1.0.9-2+b2 <none>
2023-07-30 10:09:55 status half-configured libbrotli-dev:arm64 1.0.9-2+b2
2023-07-30 10:09:55 status half-installed libbrotli-dev:arm64 1.0.9-2+b2
2023-07-30 10:09:55 status config-files libbrotli-dev:arm64 1.0.9-2+b2
2023-07-30 10:09:56 status not-installed libbrotli-dev:arm64 <none>
2023-07-30 10:09:56 status installed libcc1-0:arm64 10.2.1-6
2023-07-30 10:09:56 remove libcc1-0:arm64 10.2.1-6 <none>
2023-07-30 10:09:56 status half-configured libcc1-0:arm64 10.2.1-6
2023-07-30 10:09:56 status half-installed libcc1-0:arm64 10.2.1-6
2023-07-30 10:09:56 status config-files libcc1-0:arm64 10.2.1-6
2023-07-30 10:09:56 status not-installed libcc1-0:arm64 <none>
2023-07-30 10:09:56 status installed libisl23:arm64 0.23-1
2023-07-30 10:09:56 remove libisl23:arm64 0.23-1 <none>
2023-07-30 10:09:56 status half-configured libisl23:arm64 0.23-1
2023-07-30 10:09:56 status half-installed libisl23:arm64 0.23-1
2023-07-30 10:09:56 status config-files libisl23:arm64 0.23-1
2023-07-30 10:09:56 status not-installed libisl23:arm64 <none>
2023-07-30 10:09:56 status installed libitm1:arm64 10.2.1-6
2023-07-30 10:09:56 remove libitm1:arm64 10.2.1-6 <none>
2023-07-30 10:09:56 status half-configured libitm1:arm64 10.2.1-6
2023-07-30 10:09:56 status half-installed libitm1:arm64 10.2.1-6
2023-07-30 10:09:56 status config-files libitm1:arm64 10.2.1-6
2023-07-30 10:09:56 status not-installed libitm1:arm64 <none>
2023-07-30 10:09:56 status installed libjsoncpp24:arm64 1.9.4-4
2023-07-30 10:09:56 remove libjsoncpp24:arm64 1.9.4-4 <none>
2023-07-30 10:09:56 status half-configured libjsoncpp24:arm64 1.9.4-4
2023-07-30 10:09:56 status half-installed libjsoncpp24:arm64 1.9.4-4
2023-07-30 10:09:57 status config-files libjsoncpp24:arm64 1.9.4-4
2023-07-30 10:09:57 status not-installed libjsoncpp24:arm64 <none>
2023-07-30 10:09:57 status installed liblsan0:arm64 10.2.1-6
2023-07-30 10:09:57 remove liblsan0:arm64 10.2.1-6 <none>
2023-07-30 10:09:57 status half-configured liblsan0:arm64 10.2.1-6
2023-07-30 10:09:57 status half-installed liblsan0:arm64 10.2.1-6
2023-07-30 10:09:57 status config-files liblsan0:arm64 10.2.1-6
2023-07-30 10:09:57 status not-installed liblsan0:arm64 <none>
2023-07-30 10:09:57 status installed libltdl-dev:arm64 2.4.6-15
2023-07-30 10:09:57 remove libltdl-dev:arm64 2.4.6-15 <none>
2023-07-30 10:09:57 status half-configured libltdl-dev:arm64 2.4.6-15
2023-07-30 10:09:57 status half-installed libltdl-dev:arm64 2.4.6-15
2023-07-30 10:09:57 status config-files libltdl-dev:arm64 2.4.6-15
2023-07-30 10:09:57 status not-installed libltdl-dev:arm64 <none>
2023-07-30 10:09:57 status installed libltdl7:arm64 2.4.6-15
2023-07-30 10:09:57 remove libltdl7:arm64 2.4.6-15 <none>
2023-07-30 10:09:57 status half-configured libltdl7:arm64 2.4.6-15
2023-07-30 10:09:57 status half-installed libltdl7:arm64 2.4.6-15
2023-07-30 10:09:57 status config-files libltdl7:arm64 2.4.6-15
2023-07-30 10:09:57 status not-installed libltdl7:arm64 <none>
2023-07-30 10:09:57 status installed libmpc3:arm64 1.2.0-1
2023-07-30 10:09:57 remove libmpc3:arm64 1.2.0-1 <none>
2023-07-30 10:09:57 status half-configured libmpc3:arm64 1.2.0-1
2023-07-30 10:09:58 status half-installed libmpc3:arm64 1.2.0-1
2023-07-30 10:09:58 status config-files libmpc3:arm64 1.2.0-1
2023-07-30 10:09:58 status not-installed libmpc3:arm64 <none>
2023-07-30 10:09:58 status installed libpng-tools:arm64 1.6.37-3
2023-07-30 10:09:58 remove libpng-tools:arm64 1.6.37-3 <none>
2023-07-30 10:09:58 status half-configured libpng-tools:arm64 1.6.37-3
2023-07-30 10:09:58 status half-installed libpng-tools:arm64 1.6.37-3
2023-07-30 10:09:58 status config-files libpng-tools:arm64 1.6.37-3
2023-07-30 10:09:58 status not-installed libpng-tools:arm64 <none>
2023-07-30 10:09:58 status installed librhash0:arm64 1.4.1-2
2023-07-30 10:09:58 remove librhash0:arm64 1.4.1-2 <none>
2023-07-30 10:09:58 status half-configured librhash0:arm64 1.4.1-2
2023-07-30 10:09:58 status half-installed librhash0:arm64 1.4.1-2
2023-07-30 10:09:58 status config-files librhash0:arm64 1.4.1-2
2023-07-30 10:09:58 status not-installed librhash0:arm64 <none>
2023-07-30 10:09:58 status installed libwbclient0:arm64 2:4.13.13+dfsg-1~deb11u3
2023-07-30 10:09:58 remove libwbclient0:arm64 2:4.13.13+dfsg-1~deb11u3 <none>
2023-07-30 10:09:58 status half-configured libwbclient0:arm64 2:4.13.13+dfsg-1~deb11u3
2023-07-30 10:09:58 status half-installed libwbclient0:arm64 2:4.13.13+dfsg-1~deb11u3
2023-07-30 10:09:58 status config-files libwbclient0:arm64 2:4.13.13+dfsg-1~deb11u3
2023-07-30 10:09:58 status not-installed libwbclient0:arm64 <none>
2023-07-30 10:09:58 status installed libtevent0:arm64 0.10.2-1
2023-07-30 10:09:59 remove libtevent0:arm64 0.10.2-1 <none>
2023-07-30 10:09:59 status half-configured libtevent0:arm64 0.10.2-1
2023-07-30 10:09:59 status half-installed libtevent0:arm64 0.10.2-1
2023-07-30 10:09:59 status config-files libtevent0:arm64 0.10.2-1
2023-07-30 10:09:59 status not-installed libtevent0:arm64 <none>
2023-07-30 10:09:59 status installed libtalloc2:arm64 2.3.1-2+b1
2023-07-30 10:09:59 remove libtalloc2:arm64 2.3.1-2+b1 <none>
2023-07-30 10:09:59 status half-configured libtalloc2:arm64 2.3.1-2+b1
2023-07-30 10:09:59 status half-installed libtalloc2:arm64 2.3.1-2+b1
2023-07-30 10:09:59 status config-files libtalloc2:arm64 2.3.1-2+b1
2023-07-30 10:09:59 status not-installed libtalloc2:arm64 <none>
2023-07-30 10:09:59 status installed libtsan0:arm64 10.2.1-6
2023-07-30 10:09:59 remove libtsan0:arm64 10.2.1-6 <none>
2023-07-30 10:09:59 status half-configured libtsan0:arm64 10.2.1-6
2023-07-30 10:09:59 status half-installed libtsan0:arm64 10.2.1-6
2023-07-30 10:09:59 status config-files libtsan0:arm64 10.2.1-6
2023-07-30 10:09:59 status not-installed libtsan0:arm64 <none>
2023-07-30 10:09:59 status installed libubsan1:arm64 10.2.1-6
2023-07-30 10:09:59 remove libubsan1:arm64 10.2.1-6 <none>
2023-07-30 10:09:59 status half-configured libubsan1:arm64 10.2.1-6
2023-07-30 10:09:59 status half-installed libubsan1:arm64 10.2.1-6
2023-07-30 10:09:59 status config-files libubsan1:arm64 10.2.1-6
2023-07-30 10:09:59 status not-installed libubsan1:arm64 <none>
2023-07-30 10:10:00 status installed libv4l-0:arm64 1.20.0-2
2023-07-30 10:10:00 remove libv4l-0:arm64 1.20.0-2 <none>
2023-07-30 10:10:00 status half-configured libv4l-0:arm64 1.20.0-2
2023-07-30 10:10:00 status half-installed libv4l-0:arm64 1.20.0-2
2023-07-30 10:10:00 status config-files libv4l-0:arm64 1.20.0-2
2023-07-30 10:10:00 status not-installed libv4l-0:arm64 <none>
2023-07-30 10:10:00 status installed libv4l2rds0:arm64 1.20.0-2
2023-07-30 10:10:00 remove libv4l2rds0:arm64 1.20.0-2 <none>
2023-07-30 10:10:00 status half-configured libv4l2rds0:arm64 1.20.0-2
2023-07-30 10:10:00 status half-installed libv4l2rds0:arm64 1.20.0-2
2023-07-30 10:10:00 status config-files libv4l2rds0:arm64 1.20.0-2
2023-07-30 10:10:00 status not-installed libv4l2rds0:arm64 <none>
2023-07-30 10:10:00 status installed libv4lconvert0:arm64 1.20.0-2
2023-07-30 10:10:00 remove libv4lconvert0:arm64 1.20.0-2 <none>
2023-07-30 10:10:00 status half-configured libv4lconvert0:arm64 1.20.0-2
2023-07-30 10:10:00 status half-installed libv4lconvert0:arm64 1.20.0-2
2023-07-30 10:10:00 status config-files libv4lconvert0:arm64 1.20.0-2
2023-07-30 10:10:00 status not-installed libv4lconvert0:arm64 <none>
2023-07-30 10:10:02 startup packages configure
2023-07-30 10:10:02 trigproc libc-bin:arm64 2.31-13+rpt2+rpi1+deb11u2 <none>
2023-07-30 10:10:02 status half-configured libc-bin:arm64 2.31-13+rpt2+rpi1+deb11u2
2023-07-30 10:10:02 status installed libc-bin:arm64 2.31-13+rpt2+rpi1+deb11u2
2023-07-30 10:10:02 startup packages configure
